# JRE version: Java(TM) SE Runtime Environment (16.0.2+7) (build 16.0.2+7-67)
# Java VM: Java HotSpot(TM) 64-Bit Server VM (16.0.2+7-67, mixed mode, sharing, tiered, compressed oops, compressed class ptrs, g1 gc, windows-amd64)
GC Precious Log:
 CPUs: 8 total, 8 available
 Memory: 8043M
 Large Page Support: Disabled
 NUMA Support: Disabled
 Compressed Oops: Enabled (32-bit)
 Heap Region Size: 1M
 Heap Min Capacity: 8M
 Heap Initial Capacity: 126M
 Heap Max Capacity: 2012M
 Pre-touch: Disabled
 Parallel Workers: 8
 Concurrent Workers: 2
 Concurrent Refinement Workers: 8
 Periodic GC: Disabled
Heap:
 garbage-first heap   total 71680K, used 39217K [0x0000000082400000, 0x0000000100000000)
  region size 1024K, 14 young (14336K), 2 survivors (2048K)
 Metaspace       used 53758K, committed 54208K, reserved 1097728K
  class space    used 7060K, committed 7232K, reserved 1048576K
GC Heap History (20 events):
Event: 3.690 GC heap before
{Heap before GC invocations=6 (full 0):
 garbage-first heap   total 48128K, used 31873K [0x0000000082400000, 0x0000000100000000)
  region size 1024K, 22 young (22528K), 3 survivors (3072K)
 Metaspace       used 25820K, committed 26112K, reserved 1073152K
  class space    used 3249K, committed 3392K, reserved 1048576K
}
Event: 3.696 GC heap after
{Heap after GC invocations=7 (full 0):
 garbage-first heap   total 48128K, used 14582K [0x0000000082400000, 0x0000000100000000)
  region size 1024K, 3 young (3072K), 3 survivors (3072K)
 Metaspace       used 25820K, committed 26112K, reserved 1073152K
  class space    used 3249K, committed 3392K, reserved 1048576K
}
Event: 4.049 GC heap before
{Heap before GC invocations=7 (full 0):
 garbage-first heap   total 48128K, used 37110K [0x0000000082400000, 0x0000000100000000)
  region size 1024K, 22 young (22528K), 3 survivors (3072K)
 Metaspace       used 29115K, committed 29376K, reserved 1081344K
  class space    used 3656K, committed 3776K, reserved 1048576K
}
Event: 4.056 GC heap after
{Heap after GC invocations=8 (full 0):
 garbage-first heap   total 48128K, used 17223K [0x0000000082400000, 0x0000000100000000)
  region size 1024K, 2 young (2048K), 2 survivors (2048K)
 Metaspace       used 29115K, committed 29376K, reserved 1081344K
  class space    used 3656K, committed 3776K, reserved 1048576K
}
Event: 4.144 GC heap before
{Heap before GC invocations=8 (full 0):
 garbage-first heap   total 48128K, used 35655K [0x0000000082400000, 0x0000000100000000)
  region size 1024K, 20 young (20480K), 2 survivors (2048K)
 Metaspace       used 29383K, committed 29632K, reserved 1081344K
  class space    used 3683K, committed 3776K, reserved 1048576K
}
Event: 4.148 GC heap after
{Heap after GC invocations=9 (full 0):
 garbage-first heap   total 58368K, used 16349K [0x0000000082400000, 0x0000000100000000)
  region size 1024K, 2 young (2048K), 2 survivors (2048K)
 Metaspace       used 29383K, committed 29632K, reserved 1081344K
  class space    used 3683K, committed 3776K, reserved 1048576K
}
Event: 4.542 GC heap before
{Heap before GC invocations=9 (full 0):
 garbage-first heap   total 58368K, used 43997K [0x0000000082400000, 0x0000000100000000)
  region size 1024K, 29 young (29696K), 2 survivors (2048K)
 Metaspace       used 31550K, committed 31936K, reserved 1081344K
  class space    used 3991K, committed 4160K, reserved 1048576K
}
Event: 4.548 GC heap after
{Heap after GC invocations=10 (full 0):
 garbage-first heap   total 58368K, used 17669K [0x0000000082400000, 0x0000000100000000)
  region size 1024K, 3 young (3072K), 3 survivors (3072K)
 Metaspace       used 31550K, committed 31936K, reserved 1081344K
  class space    used 3991K, committed 4160K, reserved 1048576K
}
Event: 4.981 GC heap before
{Heap before GC invocations=10 (full 0):
 garbage-first heap   total 58368K, used 43269K [0x0000000082400000, 0x0000000100000000)
  region size 1024K, 29 young (29696K), 3 survivors (3072K)
 Metaspace       used 35229K, committed 35520K, reserved 1081344K
  class space    used 4482K, committed 4608K, reserved 1048576K
}
Event: 4.990 GC heap after
{Heap after GC invocations=11 (full 0):
 garbage-first heap   total 58368K, used 19625K [0x0000000082400000, 0x0000000100000000)
  region size 1024K, 4 young (4096K), 4 survivors (4096K)
 Metaspace       used 35229K, committed 35520K, reserved 1081344K
  class space    used 4482K, committed 4608K, reserved 1048576K
}
Event: 5.326 GC heap before
{Heap before GC invocations=12 (full 0):
 garbage-first heap   total 58368K, used 43177K [0x0000000082400000, 0x0000000100000000)
  region size 1024K, 28 young (28672K), 4 survivors (4096K)
 Metaspace       used 37955K, committed 38336K, reserved 1089536K
  class space    used 4900K, committed 5056K, reserved 1048576K
}
Event: 5.337 GC heap after
{Heap after GC invocations=13 (full 0):
 garbage-first heap   total 58368K, used 20767K [0x0000000082400000, 0x0000000100000000)
  region size 1024K, 2 young (2048K), 2 survivors (2048K)
 Metaspace       used 37955K, committed 38336K, reserved 1089536K
  class space    used 4900K, committed 5056K, reserved 1048576K
}
Event: 5.836 GC heap before
{Heap before GC invocations=13 (full 0):
 garbage-first heap   total 58368K, used 44319K [0x0000000082400000, 0x0000000100000000)
  region size 1024K, 25 young (25600K), 2 survivors (2048K)
 Metaspace       used 41845K, committed 42240K, reserved 1089536K
  class space    used 5520K, committed 5696K, reserved 1048576K
}
Event: 5.840 GC heap after
{Heap after GC invocations=14 (full 0):
 garbage-first heap   total 58368K, used 22770K [0x0000000082400000, 0x0000000100000000)
  region size 1024K, 4 young (4096K), 4 survivors (4096K)
 Metaspace       used 41845K, committed 42240K, reserved 1089536K
  class space    used 5520K, committed 5696K, reserved 1048576K
}
Event: 6.367 GC heap before
{Heap before GC invocations=14 (full 0):
 garbage-first heap   total 58368K, used 44274K [0x0000000082400000, 0x0000000100000000)
  region size 1024K, 25 young (25600K), 4 survivors (4096K)
 Metaspace       used 45043K, committed 45440K, reserved 1089536K
  class space    used 5985K, committed 6208K, reserved 1048576K
}
Event: 6.372 GC heap after
{Heap after GC invocations=15 (full 0):
 garbage-first heap   total 58368K, used 24649K [0x0000000082400000, 0x0000000100000000)
  region size 1024K, 2 young (2048K), 2 survivors (2048K)
 Metaspace       used 45043K, committed 45440K, reserved 1089536K
  class space    used 5985K, committed 6208K, reserved 1048576K
}
Event: 6.683 GC heap before
{Heap before GC invocations=15 (full 0):
 garbage-first heap   total 58368K, used 46153K [0x0000000082400000, 0x0000000100000000)
  region size 1024K, 23 young (23552K), 2 survivors (2048K)
 Metaspace       used 48892K, committed 49280K, reserved 1097728K
  class space    used 6420K, committed 6592K, reserved 1048576K
}
Event: 6.687 GC heap after
{Heap after GC invocations=16 (full 0):
 garbage-first heap   total 58368K, used 27636K [0x0000000082400000, 0x0000000100000000)
  region size 1024K, 3 young (3072K), 3 survivors (3072K)
 Metaspace       used 48892K, committed 49280K, reserved 1097728K
  class space    used 6420K, committed 6592K, reserved 1048576K
}
Event: 43.316 GC heap before
{Heap before GC invocations=16 (full 0):
 garbage-first heap   total 58368K, used 44020K [0x0000000082400000, 0x0000000100000000)
  region size 1024K, 20 young (20480K), 3 survivors (3072K)
 Metaspace       used 51362K, committed 51776K, reserved 1097728K
  class space    used 6709K, committed 6912K, reserved 1048576K
}
Event: 43.322 GC heap after
{Heap after GC invocations=17 (full 0):
 garbage-first heap   total 71680K, used 28977K [0x0000000082400000, 0x0000000100000000)
  region size 1024K, 2 young (2048K), 2 survivors (2048K)
 Metaspace       used 51362K, committed 51776K, reserved 1097728K
  class space    used 6709K, committed 6912K, reserved 1048576K
}

